{
  "uid" : "1114303185335f32",
  "name" : "test_allow_permissions",
  "fullName" : "install_test#test_allow_permissions",
  "historyId" : "d343ea8b92e70ab2b56cf63c86864816",
  "time" : {
    "start" : 1660732651184,
    "stop" : 1660732751618,
    "duration" : 100434
  },
  "status" : "broken",
  "statusMessage" : "selenium.common.exceptions.TimeoutException: Message: \nStacktrace:\nNoSuchElementError: An element could not be located on the page using the given search parameters.\n    at AndroidUiautomator2Driver.findElOrEls (C:\\Users\\user\\AppData\\Local\\Programs\\Appium Server GUI\\resources\\app\\node_modules\\appium\\node_modules\\appium-android-driver\\lib\\commands\\find.js:75:11)\n    at runMicrotasks (<anonymous>)\n    at processTicksAndRejections (internal/process/task_queues.js:85:5)",
  "statusTrace" : "@allure.story('앱 설치 및 실행') # allure story -> 테스트 결과 창에 보여지는 테스트 제목을 의미\n    @allure.story('설치 후 권한 허용')\n    def test_allow_permissions():\n    \n>       allow_push_message_btn = WebDriverWait(driver, wait_second).until(EC.element_to_be_clickable((By.ID, ElementsId.AllownPushMessageBtn.value)))\n\ninstall_test.py:47: \n_ _ _ _ _ _ _ _ _ _ _ _ _ _ _ _ _ _ _ _ _ _ _ _ _ _ _ _ _ _ _ _ _ _ _ _ _ _ _ _ _ _ _ _ _ _ _ _ _ _ _ _ _ _ _ _ _ _ _ _\n\nself = <selenium.webdriver.support.wait.WebDriverWait (session=\"e9151bce-ab5a-425e-9460-d01a7d4329a6\")>\nmethod = <function element_to_be_clickable.<locals>._predicate at 0x000001F35C9C8CA0>, message = ''\n\n    def until(self, method, message=''):\n        \"\"\"Calls the method provided with the driver as an argument until the \\\n        return value does not evaluate to ``False``.\n    \n        :param method: callable(WebDriver)\n        :param message: optional message for :exc:`TimeoutException`\n        :returns: the result of the last call to `method`\n        :raises: :exc:`selenium.common.exceptions.TimeoutException` if timeout occurs\n        \"\"\"\n        screen = None\n        stacktrace = None\n    \n        end_time = time.time() + self._timeout\n        while True:\n            try:\n                value = method(self._driver)\n                if value:\n                    return value\n            except InvalidSelectorException as e:\n                raise e\n            except self._ignored_exceptions as exc:\n                screen = getattr(exc, 'screen', None)\n                stacktrace = getattr(exc, 'stacktrace', None)\n            time.sleep(self._poll)\n            if time.time() > end_time:\n                break\n>       raise TimeoutException(message, screen, stacktrace)\nE       selenium.common.exceptions.TimeoutException: Message: \nE       Stacktrace:\nE       NoSuchElementError: An element could not be located on the page using the given search parameters.\nE           at AndroidUiautomator2Driver.findElOrEls (C:\\Users\\user\\AppData\\Local\\Programs\\Appium Server GUI\\resources\\app\\node_modules\\appium\\node_modules\\appium-android-driver\\lib\\commands\\find.js:75:11)\nE           at runMicrotasks (<anonymous>)\nE           at processTicksAndRejections (internal/process/task_queues.js:85:5)\n\nC:\\Users\\user\\AppData\\Local\\Programs\\Python\\Python39\\lib\\site-packages\\selenium\\webdriver\\support\\wait.py:89: TimeoutException",
  "flaky" : false,
  "newFailed" : false,
  "newBroken" : false,
  "newPassed" : false,
  "retriesCount" : 12,
  "retriesStatusChange" : true,
  "beforeStages" : [ ],
  "afterStages" : [ ],
  "labels" : [ {
    "name" : "story",
    "value" : "설치 후 권한 허용"
  }, {
    "name" : "story",
    "value" : "앱 설치 및 실행"
  }, {
    "name" : "suite",
    "value" : "install_test"
  }, {
    "name" : "host",
    "value" : "DESKTOP-S8ODV3K"
  }, {
    "name" : "thread",
    "value" : "14832-MainThread"
  }, {
    "name" : "framework",
    "value" : "pytest"
  }, {
    "name" : "language",
    "value" : "cpython3"
  }, {
    "name" : "package",
    "value" : "install_test"
  }, {
    "name" : "resultFormat",
    "value" : "allure2"
  } ],
  "parameters" : [ ],
  "links" : [ ],
  "hidden" : false,
  "retry" : false,
  "extra" : {
    "severity" : "normal",
    "retries" : [ {
      "uid" : "9fa838383ccbe371",
      "status" : "passed",
      "time" : {
        "start" : 1653630897988,
        "stop" : 1653630898714,
        "duration" : 726
      }
    }, {
      "uid" : "fd18136709674319",
      "status" : "broken",
      "statusDetails" : "selenium.common.exceptions.TimeoutException: Message: \nStacktrace:\nNoSuchElementError: An element could not be located on the page using the given search parameters.\n    at AndroidUiautomator2Driver.findElOrEls (C:\\Users\\user\\AppData\\Local\\Programs\\Appium Server GUI\\resources\\app\\node_modules\\appium\\node_modules\\appium-android-driver\\lib\\commands\\find.js:75:11)\n    at runMicrotasks (<anonymous>)\n    at processTicksAndRejections (internal/process/task_queues.js:85:5)",
      "time" : {
        "start" : 1649050150416,
        "stop" : 1649050250601,
        "duration" : 100185
      }
    }, {
      "uid" : "760a73698c0758d8",
      "status" : "passed",
      "time" : {
        "start" : 1646638433330,
        "stop" : 1646638439812,
        "duration" : 6482
      }
    }, {
      "uid" : "301de5515928d7ab",
      "status" : "passed",
      "time" : {
        "start" : 1646632006578,
        "stop" : 1646632010838,
        "duration" : 4260
      }
    }, {
      "uid" : "e6300b37b1e28b5d",
      "status" : "passed",
      "time" : {
        "start" : 1646380057370,
        "stop" : 1646380061616,
        "duration" : 4246
      }
    }, {
      "uid" : "1830644474f374c8",
      "status" : "passed",
      "time" : {
        "start" : 1645008848350,
        "stop" : 1645008850689,
        "duration" : 2339
      }
    }, {
      "uid" : "c1413223a343b7e3",
      "status" : "passed",
      "time" : {
        "start" : 1645006366223,
        "stop" : 1645006372944,
        "duration" : 6721
      }
    }, {
      "uid" : "1fd4c3d842221cc2",
      "status" : "passed",
      "time" : {
        "start" : 1642136805227,
        "stop" : 1642136808286,
        "duration" : 3059
      }
    }, {
      "uid" : "ff4053eabcc0bc59",
      "status" : "passed",
      "time" : {
        "start" : 1642124343072,
        "stop" : 1642124351794,
        "duration" : 8722
      }
    }, {
      "uid" : "f6eba8fa35ef9039",
      "status" : "passed",
      "time" : {
        "start" : 1642065197430,
        "stop" : 1642065200096,
        "duration" : 2666
      }
    }, {
      "uid" : "1cc08d609c62bdd2",
      "status" : "passed",
      "time" : {
        "start" : 1641891170731,
        "stop" : 1641891173396,
        "duration" : 2665
      }
    }, {
      "uid" : "1cfdb76811f03ad5",
      "status" : "passed",
      "time" : {
        "start" : 1641885701302,
        "stop" : 1641885708198,
        "duration" : 6896
      }
    } ],
    "categories" : [ {
      "name" : "Test defects",
      "matchedStatuses" : [ ],
      "flaky" : false
    } ],
    "tags" : [ ]
  },
  "source" : "1114303185335f32.json",
  "parameterValues" : [ ]
}