{
  "uid" : "23e2cb2c30ef5f1b",
  "name" : "test_honeyjam_btn",
  "fullName" : "user_live_player_test#test_honeyjam_btn",
  "historyId" : "9dff7365c7e33812b2ef730f14882cdf",
  "time" : {
    "start" : 1646638005144,
    "stop" : 1646638105455,
    "duration" : 100311
  },
  "status" : "broken",
  "statusMessage" : "selenium.common.exceptions.TimeoutException: Message: \nStacktrace:\nNoSuchElementError: An element could not be located on the page using the given search parameters.\n    at AndroidUiautomator2Driver.findElOrEls (C:\\Users\\user\\AppData\\Local\\Programs\\Appium Server GUI\\resources\\app\\node_modules\\appium\\node_modules\\appium-android-driver\\lib\\commands\\find.js:75:11)\n    at processTicksAndRejections (internal/process/task_queues.js:85:5)",
  "statusTrace" : "@allure.feature('회원 라이브 플레이어 기능')\n    @allure.story('UP 버튼')\n    def test_honeyjam_btn():\n>       up_btn = WebDriverWait(driver, wait_second).until(EC.element_to_be_clickable((By.ID, LivePlayerElementsId.UpBtn.value)))\n\nuser_live_player_test.py:67: \n_ _ _ _ _ _ _ _ _ _ _ _ _ _ _ _ _ _ _ _ _ _ _ _ _ _ _ _ _ _ _ _ _ _ _ _ _ _ _ _ _ _ _ _ _ _ _ _ _ _ _ _ _ _ _ _ _ _ _ _\n\nself = <selenium.webdriver.support.wait.WebDriverWait (session=\"8691af50-db89-4f4f-8c2c-95100227828a\")>\nmethod = <function element_to_be_clickable.<locals>._predicate at 0x00000264E29D9A60>, message = ''\n\n    def until(self, method, message=''):\n        \"\"\"Calls the method provided with the driver as an argument until the \\\n        return value does not evaluate to ``False``.\n    \n        :param method: callable(WebDriver)\n        :param message: optional message for :exc:`TimeoutException`\n        :returns: the result of the last call to `method`\n        :raises: :exc:`selenium.common.exceptions.TimeoutException` if timeout occurs\n        \"\"\"\n        screen = None\n        stacktrace = None\n    \n        end_time = time.time() + self._timeout\n        while True:\n            try:\n                value = method(self._driver)\n                if value:\n                    return value\n            except InvalidSelectorException as e:\n                raise e\n            except self._ignored_exceptions as exc:\n                screen = getattr(exc, 'screen', None)\n                stacktrace = getattr(exc, 'stacktrace', None)\n            time.sleep(self._poll)\n            if time.time() > end_time:\n                break\n>       raise TimeoutException(message, screen, stacktrace)\nE       selenium.common.exceptions.TimeoutException: Message: \nE       Stacktrace:\nE       NoSuchElementError: An element could not be located on the page using the given search parameters.\nE           at AndroidUiautomator2Driver.findElOrEls (C:\\Users\\user\\AppData\\Local\\Programs\\Appium Server GUI\\resources\\app\\node_modules\\appium\\node_modules\\appium-android-driver\\lib\\commands\\find.js:75:11)\nE           at processTicksAndRejections (internal/process/task_queues.js:85:5)\n\nc:\\users\\user\\appdata\\local\\programs\\python\\python39\\lib\\site-packages\\selenium\\webdriver\\support\\wait.py:89: TimeoutException",
  "flaky" : false,
  "newFailed" : false,
  "newBroken" : false,
  "newPassed" : false,
  "retriesCount" : 9,
  "retriesStatusChange" : true,
  "beforeStages" : [ ],
  "afterStages" : [ ],
  "labels" : [ {
    "name" : "story",
    "value" : "UP 버튼"
  }, {
    "name" : "feature",
    "value" : "회원 라이브 플레이어 기능"
  }, {
    "name" : "suite",
    "value" : "user_live_player_test"
  }, {
    "name" : "host",
    "value" : "DESKTOP-S8ODV3K"
  }, {
    "name" : "thread",
    "value" : "14764-MainThread"
  }, {
    "name" : "framework",
    "value" : "pytest"
  }, {
    "name" : "language",
    "value" : "cpython3"
  }, {
    "name" : "package",
    "value" : "user_live_player_test"
  }, {
    "name" : "resultFormat",
    "value" : "allure2"
  } ],
  "parameters" : [ ],
  "links" : [ ],
  "hidden" : false,
  "retry" : false,
  "extra" : {
    "severity" : "normal",
    "retries" : [ {
      "uid" : "f7a3b4ed6fdab41a",
      "status" : "passed",
      "time" : {
        "start" : 1645009394841,
        "stop" : 1645009396322,
        "duration" : 1481
      }
    }, {
      "uid" : "fcfd5c0feeddd067",
      "status" : "passed",
      "time" : {
        "start" : 1645009265419,
        "stop" : 1645009266102,
        "duration" : 683
      }
    }, {
      "uid" : "434da6637b6aef13",
      "status" : "passed",
      "time" : {
        "start" : 1642561742470,
        "stop" : 1642561743930,
        "duration" : 1460
      }
    }, {
      "uid" : "8aba80081e626328",
      "status" : "passed",
      "time" : {
        "start" : 1642560616662,
        "stop" : 1642560618138,
        "duration" : 1476
      }
    }, {
      "uid" : "68e437f274de52e4",
      "status" : "passed",
      "time" : {
        "start" : 1642556755669,
        "stop" : 1642556758203,
        "duration" : 2534
      }
    }, {
      "uid" : "90bb15c371b75418",
      "status" : "broken",
      "statusDetails" : "selenium.common.exceptions.TimeoutException: Message: \nStacktrace:\nNoSuchElementError: An element could not be located on the page using the given search parameters.\n    at AndroidUiautomator2Driver.findElOrEls (C:\\Users\\user\\AppData\\Local\\Programs\\Appium Server GUI\\resources\\app\\node_modules\\appium\\node_modules\\appium-android-driver\\lib\\commands\\find.js:75:11)\n    at processTicksAndRejections (internal/process/task_queues.js:85:5)",
      "time" : {
        "start" : 1642137400931,
        "stop" : 1642137501469,
        "duration" : 100538
      }
    }, {
      "uid" : "d9ec6f4508f87c28",
      "status" : "passed",
      "time" : {
        "start" : 1642125551650,
        "stop" : 1642125554177,
        "duration" : 2527
      }
    }, {
      "uid" : "c001efbe1b6134f7",
      "status" : "passed",
      "time" : {
        "start" : 1642125212295,
        "stop" : 1642125212990,
        "duration" : 695
      }
    }, {
      "uid" : "4d65b81f4192a315",
      "status" : "broken",
      "statusDetails" : "selenium.common.exceptions.TimeoutException: Message: \nStacktrace:\nNoSuchElementError: An element could not be located on the page using the given search parameters.\n    at AndroidUiautomator2Driver.findElOrEls (C:\\Users\\user\\AppData\\Local\\Programs\\Appium Server GUI\\resources\\app\\node_modules\\appium\\node_modules\\appium-android-driver\\lib\\commands\\find.js:75:11)\n    at runMicrotasks (<anonymous>)\n    at processTicksAndRejections (internal/process/task_queues.js:85:5)",
      "time" : {
        "start" : 1642064834421,
        "stop" : 1642064934591,
        "duration" : 100170
      }
    } ],
    "categories" : [ {
      "name" : "Test defects",
      "matchedStatuses" : [ ],
      "flaky" : false
    } ],
    "tags" : [ ]
  },
  "source" : "23e2cb2c30ef5f1b.json",
  "parameterValues" : [ ]
}