{
  "uid" : "53b3794db786ebef",
  "name" : "test_serach_screet_broadcast",
  "fullName" : "user_live_player_test#test_serach_screet_broadcast",
  "historyId" : "353ae07e35efd41cfaec52a8d6d0beec",
  "time" : {
    "start" : 1646637794338,
    "stop" : 1646637904674,
    "duration" : 110336
  },
  "status" : "broken",
  "statusMessage" : "selenium.common.exceptions.TimeoutException: Message: \nStacktrace:\nNoSuchElementError: An element could not be located on the page using the given search parameters.\n    at AndroidUiautomator2Driver.findElOrEls (C:\\Users\\user\\AppData\\Local\\Programs\\Appium Server GUI\\resources\\app\\node_modules\\appium\\node_modules\\appium-android-driver\\lib\\commands\\find.js:75:11)\n    at runMicrotasks (<anonymous>)\n    at processTicksAndRejections (internal/process/task_queues.js:85:5)",
  "statusTrace" : "@allure.feature('회원 라이브 플레이어 기능')\n    @allure.story('지정된 비밀번호 방송 검색 후 진입')\n    def test_serach_screet_broadcast():\n        search_btn = WebDriverWait(driver, wait_second).until(EC.element_to_be_clickable((By.ID, LivePlayerElementsId.SearchBtn.value)))\n        search_btn.click()\n    \n        search_text_field = WebDriverWait(driver, wait_second).until(EC.element_to_be_clickable((By.ID, LivePlayerElementsId.SearchTextField.value)))\n        search_text_field.set_value(TestData.BroadName.value)\n    \n        search_confirm_btn = WebDriverWait(driver, wait_second).until(EC.element_to_be_clickable((By.ID, LivePlayerElementsId.SearchConfirmBtn.value)))\n        search_confirm_btn.click()\n    \n        search_result_broad_thumbnail = WebDriverWait(driver, wait_second).until(EC.element_to_be_clickable((By.ID, LivePlayerElementsId.FirstHotIssueThumbNail.value)))\n        search_result_broad_thumbnail.click()\n    \n>       password_text_field = WebDriverWait(driver, wait_second).until(EC.element_to_be_clickable((By.ID, LivePlayerElementsId.BroadPasswordTextField.value)))\n\nuser_live_player_test.py:44: \n_ _ _ _ _ _ _ _ _ _ _ _ _ _ _ _ _ _ _ _ _ _ _ _ _ _ _ _ _ _ _ _ _ _ _ _ _ _ _ _ _ _ _ _ _ _ _ _ _ _ _ _ _ _ _ _ _ _ _ _\n\nself = <selenium.webdriver.support.wait.WebDriverWait (session=\"8691af50-db89-4f4f-8c2c-95100227828a\")>\nmethod = <function element_to_be_clickable.<locals>._predicate at 0x00000264E297B4C0>, message = ''\n\n    def until(self, method, message=''):\n        \"\"\"Calls the method provided with the driver as an argument until the \\\n        return value does not evaluate to ``False``.\n    \n        :param method: callable(WebDriver)\n        :param message: optional message for :exc:`TimeoutException`\n        :returns: the result of the last call to `method`\n        :raises: :exc:`selenium.common.exceptions.TimeoutException` if timeout occurs\n        \"\"\"\n        screen = None\n        stacktrace = None\n    \n        end_time = time.time() + self._timeout\n        while True:\n            try:\n                value = method(self._driver)\n                if value:\n                    return value\n            except InvalidSelectorException as e:\n                raise e\n            except self._ignored_exceptions as exc:\n                screen = getattr(exc, 'screen', None)\n                stacktrace = getattr(exc, 'stacktrace', None)\n            time.sleep(self._poll)\n            if time.time() > end_time:\n                break\n>       raise TimeoutException(message, screen, stacktrace)\nE       selenium.common.exceptions.TimeoutException: Message: \nE       Stacktrace:\nE       NoSuchElementError: An element could not be located on the page using the given search parameters.\nE           at AndroidUiautomator2Driver.findElOrEls (C:\\Users\\user\\AppData\\Local\\Programs\\Appium Server GUI\\resources\\app\\node_modules\\appium\\node_modules\\appium-android-driver\\lib\\commands\\find.js:75:11)\nE           at runMicrotasks (<anonymous>)\nE           at processTicksAndRejections (internal/process/task_queues.js:85:5)\n\nc:\\users\\user\\appdata\\local\\programs\\python\\python39\\lib\\site-packages\\selenium\\webdriver\\support\\wait.py:89: TimeoutException",
  "flaky" : false,
  "newFailed" : false,
  "newBroken" : false,
  "newPassed" : false,
  "retriesCount" : 11,
  "retriesStatusChange" : true,
  "beforeStages" : [ ],
  "afterStages" : [ ],
  "labels" : [ {
    "name" : "feature",
    "value" : "회원 라이브 플레이어 기능"
  }, {
    "name" : "story",
    "value" : "지정된 비밀번호 방송 검색 후 진입"
  }, {
    "name" : "suite",
    "value" : "user_live_player_test"
  }, {
    "name" : "host",
    "value" : "DESKTOP-S8ODV3K"
  }, {
    "name" : "thread",
    "value" : "14764-MainThread"
  }, {
    "name" : "framework",
    "value" : "pytest"
  }, {
    "name" : "language",
    "value" : "cpython3"
  }, {
    "name" : "package",
    "value" : "user_live_player_test"
  }, {
    "name" : "resultFormat",
    "value" : "allure2"
  } ],
  "parameters" : [ ],
  "links" : [ ],
  "hidden" : false,
  "retry" : false,
  "extra" : {
    "severity" : "normal",
    "retries" : [ {
      "uid" : "e3d79bb6b8027827",
      "status" : "passed",
      "time" : {
        "start" : 1645009346545,
        "stop" : 1645009354629,
        "duration" : 8084
      }
    }, {
      "uid" : "9b99cd77c5f59f1f",
      "status" : "passed",
      "time" : {
        "start" : 1645009229803,
        "stop" : 1645009237644,
        "duration" : 7841
      }
    }, {
      "uid" : "b7531e05e324d8d5",
      "status" : "passed",
      "time" : {
        "start" : 1645009061442,
        "stop" : 1645009069119,
        "duration" : 7677
      }
    }, {
      "uid" : "a81f8cc34c25c059",
      "status" : "passed",
      "time" : {
        "start" : 1642561708319,
        "stop" : 1642561715769,
        "duration" : 7450
      }
    }, {
      "uid" : "8e55c0e9fc44868e",
      "status" : "passed",
      "time" : {
        "start" : 1642560579323,
        "stop" : 1642560589379,
        "duration" : 10056
      }
    }, {
      "uid" : "886e37f95262f431",
      "status" : "passed",
      "time" : {
        "start" : 1642556718276,
        "stop" : 1642556728044,
        "duration" : 9768
      }
    }, {
      "uid" : "8c982e318065ed14",
      "status" : "broken",
      "statusDetails" : "selenium.common.exceptions.TimeoutException: Message: \nStacktrace:\nNoSuchElementError: An element could not be located on the page using the given search parameters.\n    at AndroidUiautomator2Driver.findElOrEls (C:\\Users\\user\\AppData\\Local\\Programs\\Appium Server GUI\\resources\\app\\node_modules\\appium\\node_modules\\appium-android-driver\\lib\\commands\\find.js:75:11)\n    at runMicrotasks (<anonymous>)\n    at processTicksAndRejections (internal/process/task_queues.js:85:5)",
      "time" : {
        "start" : 1642137194928,
        "stop" : 1642137300782,
        "duration" : 105854
      }
    }, {
      "uid" : "52d3ff47053e99bc",
      "status" : "passed",
      "time" : {
        "start" : 1642125532870,
        "stop" : 1642125540452,
        "duration" : 7582
      }
    }, {
      "uid" : "eab112bb0c07f06e",
      "status" : "passed",
      "time" : {
        "start" : 1642125175600,
        "stop" : 1642125185700,
        "duration" : 10100
      }
    }, {
      "uid" : "82044e4a7f7ef094",
      "status" : "passed",
      "time" : {
        "start" : 1642124956589,
        "stop" : 1642125019254,
        "duration" : 62665
      }
    }, {
      "uid" : "890881924d9383b8",
      "status" : "broken",
      "statusDetails" : "selenium.common.exceptions.TimeoutException: Message: \nStacktrace:\nNoSuchElementError: An element could not be located on the page using the given search parameters.\n    at AndroidUiautomator2Driver.findElOrEls (C:\\Users\\user\\AppData\\Local\\Programs\\Appium Server GUI\\resources\\app\\node_modules\\appium\\node_modules\\appium-android-driver\\lib\\commands\\find.js:75:11)\n    at runMicrotasks (<anonymous>)\n    at processTicksAndRejections (internal/process/task_queues.js:85:5)",
      "time" : {
        "start" : 1642064624546,
        "stop" : 1642064733656,
        "duration" : 109110
      }
    } ],
    "categories" : [ {
      "name" : "Test defects",
      "matchedStatuses" : [ ],
      "flaky" : false
    } ],
    "tags" : [ ]
  },
  "source" : "53b3794db786ebef.json",
  "parameterValues" : [ ]
}