{
  "uid" : "890881924d9383b8",
  "name" : "test_serach_screet_broadcast",
  "fullName" : "user_live_player_test#test_serach_screet_broadcast",
  "historyId" : "353ae07e35efd41cfaec52a8d6d0beec",
  "time" : {
    "start" : 1642064624546,
    "stop" : 1642064733656,
    "duration" : 109110
  },
  "status" : "broken",
  "statusMessage" : "selenium.common.exceptions.TimeoutException: Message: \nStacktrace:\nNoSuchElementError: An element could not be located on the page using the given search parameters.\n    at AndroidUiautomator2Driver.findElOrEls (C:\\Users\\user\\AppData\\Local\\Programs\\Appium Server GUI\\resources\\app\\node_modules\\appium\\node_modules\\appium-android-driver\\lib\\commands\\find.js:75:11)\n    at runMicrotasks (<anonymous>)\n    at processTicksAndRejections (internal/process/task_queues.js:85:5)",
  "statusTrace" : "@allure.feature('회원 라이브 플레이어 기능')\n    @allure.story('지정된 비밀번호 방송 검색 후 진입')\n    def test_serach_screet_broadcast():\n        search_btn = WebDriverWait(driver, wait_second).until(EC.element_to_be_clickable((By.ID, LivePlayerElementsId.SearchBtn.value)))\n        search_btn.click()\n    \n        search_text_field = WebDriverWait(driver, wait_second).until(EC.element_to_be_clickable((By.ID, LivePlayerElementsId.SearchTextField.value)))\n        search_text_field.set_value(SettingVariables.BroadName.value)\n    \n        search_confirm_btn = WebDriverWait(driver, wait_second).until(EC.element_to_be_clickable((By.ID, LivePlayerElementsId.SearchConfirmBtn.value)))\n        search_confirm_btn.click()\n    \n        search_result_broad_thumbnail = WebDriverWait(driver, wait_second).until(EC.element_to_be_clickable((By.ID, LivePlayerElementsId.FirstHotIssueThumbNail.value)))\n        search_result_broad_thumbnail.click()\n    \n>       password_text_field = WebDriverWait(driver, wait_second).until(EC.element_to_be_clickable((By.ID, LivePlayerElementsId.BroadPasswordTextField.value)))\n\nuser_live_player_test.py:45: \n_ _ _ _ _ _ _ _ _ _ _ _ _ _ _ _ _ _ _ _ _ _ _ _ _ _ _ _ _ _ _ _ _ _ _ _ _ _ _ _ _ _ _ _ _ _ _ _ _ _ _ _ _ _ _ _ _ _ _ _\n\nself = <selenium.webdriver.support.wait.WebDriverWait (session=\"a31b2485-0547-479e-940f-6781e5a2c10a\")>\nmethod = <function element_to_be_clickable.<locals>._predicate at 0x0000028F8B215B80>, message = ''\n\n    def until(self, method, message=''):\n        \"\"\"Calls the method provided with the driver as an argument until the \\\n        return value does not evaluate to ``False``.\n    \n        :param method: callable(WebDriver)\n        :param message: optional message for :exc:`TimeoutException`\n        :returns: the result of the last call to `method`\n        :raises: :exc:`selenium.common.exceptions.TimeoutException` if timeout occurs\n        \"\"\"\n        screen = None\n        stacktrace = None\n    \n        end_time = time.time() + self._timeout\n        while True:\n            try:\n                value = method(self._driver)\n                if value:\n                    return value\n            except InvalidSelectorException as e:\n                raise e\n            except self._ignored_exceptions as exc:\n                screen = getattr(exc, 'screen', None)\n                stacktrace = getattr(exc, 'stacktrace', None)\n            time.sleep(self._poll)\n            if time.time() > end_time:\n                break\n>       raise TimeoutException(message, screen, stacktrace)\nE       selenium.common.exceptions.TimeoutException: Message: \nE       Stacktrace:\nE       NoSuchElementError: An element could not be located on the page using the given search parameters.\nE           at AndroidUiautomator2Driver.findElOrEls (C:\\Users\\user\\AppData\\Local\\Programs\\Appium Server GUI\\resources\\app\\node_modules\\appium\\node_modules\\appium-android-driver\\lib\\commands\\find.js:75:11)\nE           at runMicrotasks (<anonymous>)\nE           at processTicksAndRejections (internal/process/task_queues.js:85:5)\n\nc:\\users\\user\\appdata\\local\\programs\\python\\python39\\lib\\site-packages\\selenium\\webdriver\\support\\wait.py:89: TimeoutException",
  "flaky" : false,
  "newFailed" : false,
  "newBroken" : false,
  "newPassed" : false,
  "retriesCount" : 0,
  "retriesStatusChange" : false,
  "beforeStages" : [ ],
  "afterStages" : [ ],
  "labels" : [ {
    "name" : "story",
    "value" : "지정된 비밀번호 방송 검색 후 진입"
  }, {
    "name" : "feature",
    "value" : "회원 라이브 플레이어 기능"
  }, {
    "name" : "suite",
    "value" : "user_live_player_test"
  }, {
    "name" : "host",
    "value" : "DESKTOP-S8ODV3K"
  }, {
    "name" : "thread",
    "value" : "20556-MainThread"
  }, {
    "name" : "framework",
    "value" : "pytest"
  }, {
    "name" : "language",
    "value" : "cpython3"
  }, {
    "name" : "package",
    "value" : "user_live_player_test"
  }, {
    "name" : "resultFormat",
    "value" : "allure2"
  } ],
  "parameters" : [ ],
  "links" : [ ],
  "hidden" : true,
  "retry" : true,
  "extra" : {
    "categories" : [ ],
    "tags" : [ ]
  },
  "source" : "890881924d9383b8.json",
  "parameterValues" : [ ]
}